[debug] [2021-06-15T20:34:51.106Z] ----------------------------------------------------------------------
[debug] [2021-06-15T20:34:51.108Z] Command:       C:\Program Files\nodejs\node.exe C:\Users\gabri\AppData\Roaming\npm\node_modules\firebase-tools\lib\bin\firebase.js init hosting
[debug] [2021-06-15T20:34:51.108Z] CLI Version:   9.12.1
[debug] [2021-06-15T20:34:51.108Z] Platform:      win32
[debug] [2021-06-15T20:34:51.108Z] Node Version:  v14.16.1
[debug] [2021-06-15T20:34:51.109Z] Time:          Tue Jun 15 2021 17:34:51 GMT-0300 (Horário Padrão de Brasília)
[debug] [2021-06-15T20:34:51.109Z] ----------------------------------------------------------------------
[debug] 
[debug] [2021-06-15T20:34:51.120Z] > command requires scopes: ["email","openid","https://www.googleapis.com/auth/cloudplatformprojects.readonly","https://www.googleapis.com/auth/firebase","https://www.googleapis.com/auth/cloud-platform"]
[debug] [2021-06-15T20:34:51.120Z] > authorizing via signed-in user (gabrielsoasoa55@gmail.com)
[info] 
     ######## #### ########  ######## ########     ###     ######  ########
     ##        ##  ##     ## ##       ##     ##  ##   ##  ##       ##
     ######    ##  ########  ######   ########  #########  ######  ######
     ##        ##  ##    ##  ##       ##     ## ##     ##       ## ##
     ##       #### ##     ## ######## ########  ##     ##  ######  ########

You're about to initialize a Firebase project in this directory:

  C:\Users\gabri\OneDrive\Escola\Documents\Programacao_Projetos\Concur_Project\dashboardConcur

Before we get started, keep in mind:

  * You are initializing in an existing Firebase project directory

